<?xml version="1.0" ?>
<coverage version="7.13.5" timestamp="1774919668661" lines-valid="46" lines-covered="38" line-rate="0.8261" branches-covered="0" branches-valid="0" branch-rate="0" complexity="0">
	<!-- Generated by coverage.py: https://coverage.readthedocs.io/en/7.13.5 -->
	<!-- Based on https://raw.githubusercontent.com/cobertura/web/master/htdocs/xml/coverage-04.dtd -->
	<sources>
		<source>/home/runner/work/compatibility-tracker/compatibility-tracker/app</source>
	</sources>
	<packages>
		<package name="." line-rate="0.8261" branch-rate="0" complexity="0">
			<classes>
				<class name="__init__.py" filename="__init__.py" complexity="0" line-rate="1" branch-rate="0">
					<methods/>
					<lines/>
				</class>
				<class name="data_layer.py" filename="data_layer.py" complexity="0" line-rate="1" branch-rate="0">
					<methods/>
					<lines>
						<line number="11" hits="1"/>
						<line number="13" hits="1"/>
						<line number="14" hits="1"/>
						<line number="15" hits="1"/>
						<line number="16" hits="1"/>
						<line number="19" hits="1"/>
						<line number="22" hits="1"/>
						<line number="23" hits="1"/>
						<line number="33" hits="1"/>
						<line number="45" hits="1"/>
						<line number="46" hits="1"/>
						<line number="48" hits="1"/>
						<line number="58" hits="1"/>
						<line number="59" hits="1"/>
						<line number="62" hits="1"/>
						<line number="82" hits="1"/>
						<line number="86" hits="1"/>
						<line number="87" hits="1"/>
						<line number="88" hits="1"/>
						<line number="93" hits="1"/>
					</lines>
				</class>
				<class name="main.py" filename="main.py" complexity="0" line-rate="0.6923" branch-rate="0">
					<methods/>
					<lines>
						<line number="15" hits="1"/>
						<line number="17" hits="1"/>
						<line number="19" hits="1"/>
						<line number="20" hits="1"/>
						<line number="22" hits="1"/>
						<line number="24" hits="1"/>
						<line number="26" hits="1"/>
						<line number="27" hits="1"/>
						<line number="32" hits="1"/>
						<line number="38" hits="1"/>
						<line number="39" hits="1"/>
						<line number="45" hits="1"/>
						<line number="48" hits="1"/>
						<line number="49" hits="1"/>
						<line number="59" hits="1"/>
						<line number="60" hits="1"/>
						<line number="63" hits="1"/>
						<line number="74" hits="0"/>
						<line number="75" hits="0"/>
						<line number="77" hits="0"/>
						<line number="78" hits="0"/>
						<line number="79" hits="0"/>
						<line number="81" hits="0"/>
						<line number="84" hits="1"/>
						<line number="85" hits="0"/>
						<line number="86" hits="0"/>
					</lines>
				</class>
			</classes>
		</package>
	</packages>
</coverage>
